<?xml version="1.0" encoding="UTF-8"?>
<!-- Generated by org.testng.reporters.JUnitXMLReporter -->
<testsuite hostname="sami.local" name="Command line test" tests="17" failures="5" timestamp="2 Jun 2018 22:48:33 GMT" time="15.198" errors="0">
  <testcase name="testCardEnrollment" time="1.575" classname="com.visa.vdp.mlc.TestCardholderEnrollment"/>
  <testcase name="testRegisterACard" time="0.17" classname="com.visa.vdp.vctc.TestConsumerRules">
    <failure type="java.lang.AssertionError" message="expected [true] but found [false]">
      <![CDATA[java.lang.AssertionError: expected [true] but found [false]
	at com.visa.vdp.vctc.TestConsumerRules.testRegisterACard(TestConsumerRules.java:37)
... Removed 38 stack frames]]>
    </failure>
  </testcase> <!-- testRegisterACard -->
  <testcase name="testForeignExchangeRates" time="0.73" classname="com.visa.vdp.foreignexchange.TestForeignExchangeRates"/>
  <testcase name="testPushFundsTransactions" time="0.264" classname="com.visa.vdp.visadirect.TestFundsTransfer">
    <failure type="java.lang.AssertionError" message="expected [200] but found [400]">
      <![CDATA[java.lang.AssertionError: expected [200] but found [400]
	at com.visa.vdp.visadirect.TestFundsTransfer.testPushFundsTransactions(TestFundsTransfer.java:68)
... Removed 40 stack frames]]>
    </failure>
  </testcase> <!-- testPushFundsTransactions -->
  <testcase name="testGetPaymentInfo" time="0.002" classname="com.visa.vdp.visacheckout.TestGetPaymentData">
    <failure type="java.lang.IllegalArgumentException" message="Illegal character in path at index 62: https://sandbox.api.visa.com/wallet-services-web/payment/data/{put your visa checkout callId here}?apikey=VCBDF5CL8GHLN275YXLX21KZXeaM3OyFf8_YEKJEvIne6ZVBo">
      <![CDATA[java.lang.IllegalArgumentException: Illegal character in path at index 62: https://sandbox.api.visa.com/wallet-services-web/payment/data/{put your visa checkout callId here}?apikey=VCBDF5CL8GHLN275YXLX21KZXeaM3OyFf8_YEKJEvIne6ZVBo
	at java.net.URI.create(URI.java:852)
	at org.apache.http.client.methods.HttpGet.<init>(HttpGet.java:69)
	at com.visa.vdp.utils.VisaAPIClient.createHttpRequest(VisaAPIClient.java:82)
	at com.visa.vdp.utils.VisaAPIClient.doXPayTokenRequest(VisaAPIClient.java:135)
	at com.visa.vdp.visacheckout.TestGetPaymentData.testGetPaymentInfo(TestGetPaymentData.java:34)
Caused by: java.net.URISyntaxException: Illegal character in path at index 62: https://sandbox.api.visa.com/wallet-services-web/payment/data/{put your visa checkout callId here}?apikey=VCBDF5CL8GHLN275YXLX21KZXeaM3OyFf8_YEKJEvIne6ZVBo
	at java.net.URI$Parser.fail(URI.java:2848)
	at java.net.URI$Parser.checkChars(URI.java:3021)
	at java.net.URI$Parser.parseHierarchical(URI.java:3105)
	at java.net.URI$Parser.parse(URI.java:3053)
	at java.net.URI.<init>(URI.java:588)
	at java.net.URI.create(URI.java:850)
	... 38 more
... Removed 34 stack frames]]>
    </failure>
  </testcase> <!-- testGetPaymentInfo -->
  <testcase name="testLocateATM" time="2.335" classname="com.visa.vdp.atmlocator.TestLocateATM"/>
  <testcase name="testlocations" time="0.782" classname="com.visa.vdp.mlc.TestLocationUpdate">
    <failure type="java.lang.AssertionError" message="expected [200] but found [400]">
      <![CDATA[java.lang.AssertionError: expected [200] but found [400]
	at com.visa.vdp.mlc.TestLocationUpdate.testlocations(TestLocationUpdate.java:59)
... Removed 40 stack frames]]>
    </failure>
  </testcase> <!-- testlocations -->
  <testcase name="testMVisaTransactions" time="0.608" classname="com.visa.vdp.visadirect.TestMVisa"/>
  <testcase name="testMerchantLocatorAPI" time="1.229" classname="com.visa.vdp.merchantlocator.TestMerchantLocatorAPI"/>
  <testcase name="testMerchantSearch" time="5.835" classname="com.visa.vdp.merchantsearch.TestMerchantSearchAPI"/>
  <testcase name="testCardValidation" time="0.29" classname="com.visa.vdp.pymntacntvalidation.TestPaymentAccountValidation"/>
  <testcase name="setUp" time="0.0" classname="com.visa.vdp.vctc.TestProgramAdministration"/>
  <testcase name="testRetreiveTransactionTypeControls" time="0.227" classname="com.visa.vdp.vctc.TestProgramAdministration"/>
  <testcase name="testUpdatePaymentInfo" time="0.002" classname="com.visa.vdp.visacheckout.TestUpdatePaymentInformation">
    <failure type="java.lang.IllegalArgumentException" message="Illegal character in path at index 62: https://sandbox.api.visa.com/wallet-services-web/payment/info/{put your visa checkout callId here}?apikey=VCBDF5CL8GHLN275YXLX21KZXeaM3OyFf8_YEKJEvIne6ZVBo">
      <![CDATA[java.lang.IllegalArgumentException: Illegal character in path at index 62: https://sandbox.api.visa.com/wallet-services-web/payment/info/{put your visa checkout callId here}?apikey=VCBDF5CL8GHLN275YXLX21KZXeaM3OyFf8_YEKJEvIne6ZVBo
	at java.net.URI.create(URI.java:852)
	at org.apache.http.client.methods.HttpPut.<init>(HttpPut.java:68)
	at com.visa.vdp.utils.VisaAPIClient.createHttpRequest(VisaAPIClient.java:88)
	at com.visa.vdp.utils.VisaAPIClient.doXPayTokenRequest(VisaAPIClient.java:135)
	at com.visa.vdp.visacheckout.TestUpdatePaymentInformation.testUpdatePaymentInfo(TestUpdatePaymentInformation.java:51)
Caused by: java.net.URISyntaxException: Illegal character in path at index 62: https://sandbox.api.visa.com/wallet-services-web/payment/info/{put your visa checkout callId here}?apikey=VCBDF5CL8GHLN275YXLX21KZXeaM3OyFf8_YEKJEvIne6ZVBo
	at java.net.URI$Parser.fail(URI.java:2848)
	at java.net.URI$Parser.checkChars(URI.java:3021)
	at java.net.URI$Parser.parseHierarchical(URI.java:3105)
	at java.net.URI$Parser.parse(URI.java:3053)
	at java.net.URI.<init>(URI.java:588)
	at java.net.URI.create(URI.java:850)
	... 38 more
... Removed 34 stack frames]]>
    </failure>
  </testcase> <!-- testUpdatePaymentInfo -->
  <testcase name="setUp" time="0.0" classname="com.visa.vdp.vctc.TestValidation"/>
  <testcase name="testRetreiveListofDecisionRecords" time="0.707" classname="com.visa.vdp.vctc.TestValidation"/>
  <testcase name="testWatchListInquiry" time="0.307" classname="com.visa.vdp.visadirect.TestWatchListScreening"/>
</testsuite> <!-- Command line test -->
